<?xml version="1.0" encoding="UTF-8"?>
<!-- Generated by org.testng.reporters.JUnitReportReporter -->
<testsuite skipped="0" hostname="DESKTOP-5E4DV9G" name="TS_Tenants.TC_Add_Tenant" tests="2" failures="0" timestamp="20 Feb 2019 01:47:52 GMT" time="3.986" errors="0">
  <testcase name="add_tenant" time="3.317" classname="TS_Tenants.TC_Add_Tenant"/>
  <testcase name="delete_tenant" time="0.669" classname="TS_Tenants.TC_Add_Tenant"/>
</testsuite> <!-- TS_Tenants.TC_Add_Tenant -->
