<?xml version="1.0" encoding="UTF-8"?>
<!-- Generated by org.testng.reporters.JUnitReportReporter -->
<testsuite skipped="0" hostname="DESKTOP-5E4DV9G" name="TS_Users.TC_Get_Current_Tenant" tests="1" failures="0" timestamp="20 Feb 2019 01:47:52 GMT" time="0.543" errors="0">
  <testcase name="verify_get_current_tenant_api" time="0.543" classname="TS_Users.TC_Get_Current_Tenant"/>
</testsuite> <!-- TS_Users.TC_Get_Current_Tenant -->
