<?xml version="1.0" encoding="UTF-8"?>
<!-- Generated by org.testng.reporters.JUnitReportReporter -->
<testsuite skipped="0" hostname="DESKTOP-5E4DV9G" name="TS_Tenants.TC_Add_Arrays_to_Tenant" tests="4" failures="0" timestamp="20 Feb 2019 01:47:52 GMT" time="4.486" errors="0">
  <testcase name="add_tenant" time="2.667" classname="TS_Tenants.TC_Add_Arrays_to_Tenant"/>
  <testcase name="verify_add_Arrays_To_Tenant" time="0.567" classname="TS_Tenants.TC_Add_Arrays_to_Tenant"/>
  <testcase name="delete_array_for_tenant" time="0.612" classname="TS_Tenants.TC_Add_Arrays_to_Tenant"/>
  <testcase name="delete_tenant" time="0.640" classname="TS_Tenants.TC_Add_Arrays_to_Tenant"/>
</testsuite> <!-- TS_Tenants.TC_Add_Arrays_to_Tenant -->
